{
  "0 debug pnpm:scope": {
    "selected": 1
  },
  "1 debug pnpm:package-manifest": {
    "initial": {
      "name": "to_do_list",
      "version": "0.1.0",
      "private": true,
      "scripts": {
        "serve": "vue-cli-service serve",
        "build": "vue-cli-service build",
        "lint": "vue-cli-service lint",
        "build-css": "tailwindcss -i ./src/styles.css -o ./public/styles.css --watch"
      },
      "dependencies": {
        "@babel/core": "^7.0.0",
        "@fortawesome/fontawesome-svg-core": "^1.3.0",
        "@fortawesome/free-brands-svg-icons": "^6.0.0",
        "@fortawesome/free-regular-svg-icons": "^6.0.0",
        "@fortawesome/free-solid-svg-icons": "^6.0.0",
        "@fortawesome/vue-fontawesome": "2.0.6",
        "core-js": "^3.8.3",
        "vue": "^3.2.13",
        "vuex": "^4.0.0"
      },
      "devDependencies": {
        "@typescript-eslint/eslint-plugin": "^5.4.0",
        "@typescript-eslint/parser": "^5.4.0",
        "@vue/cli-plugin-babel": "~5.0.0-rc.3",
        "@vue/cli-plugin-eslint": "~5.0.0-rc.3",
        "@vue/cli-plugin-typescript": "~5.0.0-rc.3",
        "@vue/cli-plugin-vuex": "~5.0.0-rc.3",
        "@vue/cli-service": "~5.0.0-rc.3",
        "@vue/eslint-config-airbnb": "^6.0.0",
        "@vue/eslint-config-typescript": "^9.1.0",
        "autoprefixer": "^10.4.2",
        "eslint": "^7.32.0",
        "eslint-config-prettier": "^8.3.0",
        "eslint-plugin-import": "^2.25.3",
        "eslint-plugin-prettier": "^4.0.0",
        "eslint-plugin-vue": "^8.0.3",
        "eslint-plugin-vuejs-accessibility": "^1.1.0",
        "postcss": "^8.4.6",
        "prettier": "^2.5.1",
        "sass": "^1.32.7",
        "sass-loader": "^12.0.0",
        "tailwindcss": "2.2.19",
        "typescript": "~4.1.5",
        "webpack": ">=5.0.0 <6.0.0"
      }
    },
    "prefix": "C:\\Users\\maria\\project\\practice\\to_do_list"
  },
  "2 debug pnpm:context": {
    "currentLockfileExists": false,
    "storeDir": "C:\\Users\\maria\\.pnpm-store\\v3",
    "virtualStoreDir": "C:\\Users\\maria\\project\\practice\\to_do_list\\node_modules\\.pnpm"
  },
  "3 debug pnpm:stage": {
    "prefix": "C:\\Users\\maria\\project\\practice\\to_do_list",
    "stage": "resolution_started"
  },
  "4 debug pnpm:_dependency_resolved": {
    "resolution": "registry.npmjs.org/eslint-plugin-vuejs-accessibility/1.1.1",
    "wanted": {
      "dependentId": ".",
      "name": "eslint-plugin-vuejs-accessibility",
      "rawSpec": "^1.1.0"
    }
  },
  "5 debug pnpm:progress": {
    "packageId": "registry.npmjs.org/eslint-plugin-vuejs-accessibility/1.1.1",
    "requester": "C:\\Users\\maria\\project\\practice\\to_do_list",
    "status": "resolved"
  },
  "6 debug pnpm:progress": {
    "packageId": "registry.npmjs.org/eslint-plugin-vuejs-accessibility/1.1.1",
    "requester": "C:\\Users\\maria\\project\\practice\\to_do_list",
    "status": "found_in_store"
  },
  "7 debug pnpm:_dependency_resolved": {
    "resolution": "registry.npmjs.org/@vue/cli-plugin-eslint/5.0.0-rc.3",
    "wanted": {
      "dependentId": ".",
      "name": "@vue/cli-plugin-eslint",
      "rawSpec": "~5.0.0-rc.3"
    }
  },
  "8 debug pnpm:progress": {
    "packageId": "registry.npmjs.org/@vue/cli-plugin-eslint/5.0.0-rc.3",
    "requester": "C:\\Users\\maria\\project\\practice\\to_do_list",
    "status": "resolved"
  },
  "9 debug pnpm:progress": {
    "packageId": "registry.npmjs.org/@vue/cli-plugin-eslint/5.0.0-rc.3",
    "requester": "C:\\Users\\maria\\project\\practice\\to_do_list",
    "status": "found_in_store"
  },
  "10 debug pnpm:_dependency_resolved": {
    "resolution": "registry.npmjs.org/eslint-plugin-import/2.25.4",
    "wanted": {
      "dependentId": ".",
      "name": "eslint-plugin-import",
      "rawSpec": "^2.25.3"
    }
  },
  "11 debug pnpm:progress": {
    "packageId": "registry.npmjs.org/eslint-plugin-import/2.25.4",
    "requester": "C:\\Users\\maria\\project\\practice\\to_do_list",
    "status": "resolved"
  },
  "12 debug pnpm:_dependency_resolved": {
    "resolution": "registry.npmjs.org/eslint/7.32.0",
    "wanted": {
      "dependentId": ".",
      "name": "eslint",
      "rawSpec": "^7.32.0"
    }
  },
  "13 debug pnpm:progress": {
    "packageId": "registry.npmjs.org/eslint/7.32.0",
    "requester": "C:\\Users\\maria\\project\\practice\\to_do_list",
    "status": "resolved"
  },
  "14 debug pnpm:_dependency_resolved": {
    "resolution": "registry.npmjs.org/@vue/cli-plugin-typescript/5.0.0-rc.3",
    "wanted": {
      "dependentId": ".",
      "name": "@vue/cli-plugin-typescript",
      "rawSpec": "~5.0.0-rc.3"
    }
  },
  "15 debug pnpm:progress": {
    "packageId": "registry.npmjs.org/@vue/cli-plugin-typescript/5.0.0-rc.3",
    "requester": "C:\\Users\\maria\\project\\practice\\to_do_list",
    "status": "resolved"
  },
  "16 debug pnpm:_dependency_resolved": {
    "resolution": "registry.npmjs.org/tailwindcss/2.2.19",
    "wanted": {
      "dependentId": ".",
      "name": "tailwindcss",
      "rawSpec": "2.2.19"
    }
  },
  "17 debug pnpm:progress": {
    "packageId": "registry.npmjs.org/tailwindcss/2.2.19",
    "requester": "C:\\Users\\maria\\project\\practice\\to_do_list",
    "status": "resolved"
  },
  "18 debug pnpm:_dependency_resolved": {
    "resolution": "registry.npmjs.org/prettier/2.5.1",
    "wanted": {
      "dependentId": ".",
      "name": "prettier",
      "rawSpec": "^2.5.1"
    }
  },
  "19 debug pnpm:progress": {
    "packageId": "registry.npmjs.org/prettier/2.5.1",
    "requester": "C:\\Users\\maria\\project\\practice\\to_do_list",
    "status": "resolved"
  },
  "20 debug pnpm:progress": {
    "packageId": "registry.npmjs.org/eslint-plugin-import/2.25.4",
    "requester": "C:\\Users\\maria\\project\\practice\\to_do_list",
    "status": "found_in_store"
  },
  "21 debug pnpm:_dependency_resolved": {
    "resolution": "registry.npmjs.org/@vue/cli-plugin-babel/5.0.0-rc.3",
    "wanted": {
      "dependentId": ".",
      "name": "@vue/cli-plugin-babel",
      "rawSpec": "~5.0.0-rc.3"
    }
  },
  "22 debug pnpm:progress": {
    "packageId": "registry.npmjs.org/@vue/cli-plugin-babel/5.0.0-rc.3",
    "requester": "C:\\Users\\maria\\project\\practice\\to_do_list",
    "status": "resolved"
  },
  "23 debug pnpm:progress": {
    "packageId": "registry.npmjs.org/eslint/7.32.0",
    "requester": "C:\\Users\\maria\\project\\practice\\to_do_list",
    "status": "found_in_store"
  },
  "24 debug pnpm:progress": {
    "packageId": "registry.npmjs.org/@vue/cli-plugin-typescript/5.0.0-rc.3",
    "requester": "C:\\Users\\maria\\project\\practice\\to_do_list",
    "status": "found_in_store"
  },
  "25 debug pnpm:progress": {
    "packageId": "registry.npmjs.org/tailwindcss/2.2.19",
    "requester": "C:\\Users\\maria\\project\\practice\\to_do_list",
    "status": "found_in_store"
  },
  "26 debug pnpm:progress": {
    "packageId": "registry.npmjs.org/prettier/2.5.1",
    "requester": "C:\\Users\\maria\\project\\practice\\to_do_list",
    "status": "found_in_store"
  },
  "27 debug pnpm:progress": {
    "packageId": "registry.npmjs.org/@vue/cli-plugin-babel/5.0.0-rc.3",
    "requester": "C:\\Users\\maria\\project\\practice\\to_do_list",
    "status": "found_in_store"
  },
  "28 debug pnpm:_dependency_resolved": {
    "resolution": "registry.npmjs.org/eslint-plugin-vue/8.4.1",
    "wanted": {
      "dependentId": ".",
      "name": "eslint-plugin-vue",
      "rawSpec": "^8.0.3"
    }
  },
  "29 debug pnpm:progress": {
    "packageId": "registry.npmjs.org/eslint-plugin-vue/8.4.1",
    "requester": "C:\\Users\\maria\\project\\practice\\to_do_list",
    "status": "resolved"
  },
  "30 debug pnpm:progress": {
    "packageId": "registry.npmjs.org/eslint-plugin-vue/8.4.1",
    "requester": "C:\\Users\\maria\\project\\practice\\to_do_list",
    "status": "found_in_store"
  },
  "31 debug pnpm:_dependency_resolved": {
    "resolution": "registry.npmjs.org/sass-loader/12.4.0",
    "wanted": {
      "dependentId": ".",
      "name": "sass-loader",
      "rawSpec": "^12.0.0"
    }
  },
  "32 debug pnpm:progress": {
    "packageId": "registry.npmjs.org/sass-loader/12.4.0",
    "requester": "C:\\Users\\maria\\project\\practice\\to_do_list",
    "status": "resolved"
  },
  "33 debug pnpm:_dependency_resolved": {
    "resolution": "registry.npmjs.org/eslint-plugin-prettier/4.0.0",
    "wanted": {
      "dependentId": ".",
      "name": "eslint-plugin-prettier",
      "rawSpec": "^4.0.0"
    }
  },
  "34 debug pnpm:progress": {
    "packageId": "registry.npmjs.org/eslint-plugin-prettier/4.0.0",
    "requester": "C:\\Users\\maria\\project\\practice\\to_do_list",
    "status": "resolved"
  },
  "35 debug pnpm:progress": {
    "packageId": "registry.npmjs.org/sass-loader/12.4.0",
    "requester": "C:\\Users\\maria\\project\\practice\\to_do_list",
    "status": "found_in_store"
  },
  "36 debug pnpm:progress": {
    "packageId": "registry.npmjs.org/eslint-plugin-prettier/4.0.0",
    "requester": "C:\\Users\\maria\\project\\practice\\to_do_list",
    "status": "found_in_store"
  },
  "37 debug pnpm:_dependency_resolved": {
    "resolution": "registry.npmjs.org/postcss/8.4.6",
    "wanted": {
      "dependentId": ".",
      "name": "postcss",
      "rawSpec": "^8.4.6"
    }
  },
  "38 debug pnpm:progress": {
    "packageId": "registry.npmjs.org/postcss/8.4.6",
    "requester": "C:\\Users\\maria\\project\\practice\\to_do_list",
    "status": "resolved"
  },
  "39 debug pnpm:progress": {
    "packageId": "registry.npmjs.org/postcss/8.4.6",
    "requester": "C:\\Users\\maria\\project\\practice\\to_do_list",
    "status": "found_in_store"
  },
  "40 debug pnpm:_dependency_resolved": {
    "resolution": "registry.npmjs.org/eslint-config-prettier/8.3.0",
    "wanted": {
      "dependentId": ".",
      "name": "eslint-config-prettier",
      "rawSpec": "^8.3.0"
    }
  },
  "41 debug pnpm:progress": {
    "packageId": "registry.npmjs.org/eslint-config-prettier/8.3.0",
    "requester": "C:\\Users\\maria\\project\\practice\\to_do_list",
    "status": "resolved"
  },
  "42 debug pnpm:progress": {
    "packageId": "registry.npmjs.org/eslint-config-prettier/8.3.0",
    "requester": "C:\\Users\\maria\\project\\practice\\to_do_list",
    "status": "found_in_store"
  },
  "43 debug pnpm:_dependency_resolved": {
    "resolution": "registry.npmjs.org/sass/1.49.7",
    "wanted": {
      "dependentId": ".",
      "name": "sass",
      "rawSpec": "^1.32.7"
    }
  },
  "44 debug pnpm:progress": {
    "packageId": "registry.npmjs.org/sass/1.49.7",
    "requester": "C:\\Users\\maria\\project\\practice\\to_do_list",
    "status": "resolved"
  },
  "45 debug pnpm:progress": {
    "packageId": "registry.npmjs.org/sass/1.49.7",
    "requester": "C:\\Users\\maria\\project\\practice\\to_do_list",
    "status": "found_in_store"
  },
  "46 debug pnpm:_dependency_resolved": {
    "resolution": "registry.npmjs.org/autoprefixer/10.4.2",
    "wanted": {
      "dependentId": ".",
      "name": "autoprefixer",
      "rawSpec": "^10.4.2"
    }
  },
  "47 debug pnpm:progress": {
    "packageId": "registry.npmjs.org/autoprefixer/10.4.2",
    "requester": "C:\\Users\\maria\\project\\practice\\to_do_list",
    "status": "resolved"
  },
  "48 debug pnpm:_dependency_resolved": {
    "resolution": "registry.npmjs.org/@babel/core/7.17.2",
    "wanted": {
      "dependentId": ".",
      "name": "@babel/core",
      "rawSpec": "^7.0.0"
    }
  },
  "49 debug pnpm:progress": {
    "packageId": "registry.npmjs.org/@babel/core/7.17.2",
    "requester": "C:\\Users\\maria\\project\\practice\\to_do_list",
    "status": "resolved"
  },
  "50 debug pnpm:progress": {
    "packageId": "registry.npmjs.org/autoprefixer/10.4.2",
    "requester": "C:\\Users\\maria\\project\\practice\\to_do_list",
    "status": "found_in_store"
  },
  "51 debug pnpm:progress": {
    "packageId": "registry.npmjs.org/@babel/core/7.17.2",
    "requester": "C:\\Users\\maria\\project\\practice\\to_do_list",
    "status": "found_in_store"
  },
  "52 debug pnpm:_dependency_resolved": {
    "resolution": "registry.npmjs.org/vuex/4.0.2",
    "wanted": {
      "dependentId": ".",
      "name": "vuex",
      "rawSpec": "^4.0.0"
    }
  },
  "53 debug pnpm:progress": {
    "packageId": "registry.npmjs.org/vuex/4.0.2",
    "requester": "C:\\Users\\maria\\project\\practice\\to_do_list",
    "status": "resolved"
  },
  "54 debug pnpm:progress": {
    "packageId": "registry.npmjs.org/vuex/4.0.2",
    "requester": "C:\\Users\\maria\\project\\practice\\to_do_list",
    "status": "found_in_store"
  },
  "55 debug pnpm:_dependency_resolved": {
    "resolution": "registry.npmjs.org/@typescript-eslint/parser/5.11.0",
    "wanted": {
      "dependentId": ".",
      "name": "@typescript-eslint/parser",
      "rawSpec": "^5.4.0"
    }
  },
  "56 debug pnpm:progress": {
    "packageId": "registry.npmjs.org/@typescript-eslint/parser/5.11.0",
    "requester": "C:\\Users\\maria\\project\\practice\\to_do_list",
    "status": "resolved"
  },
  "57 debug pnpm:_dependency_resolved": {
    "resolution": "registry.npmjs.org/@vue/cli-service/5.0.0-rc.3",
    "wanted": {
      "dependentId": ".",
      "name": "@vue/cli-service",
      "rawSpec": "~5.0.0-rc.3"
    }
  },
  "58 debug pnpm:progress": {
    "packageId": "registry.npmjs.org/@vue/cli-service/5.0.0-rc.3",
    "requester": "C:\\Users\\maria\\project\\practice\\to_do_list",
    "status": "resolved"
  },
  "59 debug pnpm:_dependency_resolved": {
    "resolution": "registry.npmjs.org/core-js/3.21.0",
    "wanted": {
      "dependentId": ".",
      "name": "core-js",
      "rawSpec": "^3.8.3"
    }
  },
  "60 debug pnpm:progress": {
    "packageId": "registry.npmjs.org/core-js/3.21.0",
    "requester": "C:\\Users\\maria\\project\\practice\\to_do_list",
    "status": "resolved"
  },
  "61 error pnpm": {
    "code": "ERR_PNPM_FETCH_401",
    "hint": "An authorization header was used: Bearer FONT[hidden]",
    "request": {
      "authHeaderValue": "Bearer FONT-AWESOME-PACKAGE-TOKEN",
      "url": "https://npm.fontawesome.com/@fortawesome%2Ffontawesome-svg-core"
    },
    "response": {
      "size": 0
    },
    "pkgName": "@fortawesome/fontawesome-svg-core",
    "pkgsStack": [],
    "err": {
      "name": "pnpm",
      "message": "GET https://npm.fontawesome.com/@fortawesome%2Ffontawesome-svg-core: Unauthorized - 401",
      "code": "ERR_PNPM_FETCH_401",
      "stack": "pnpm: GET https://npm.fontawesome.com/@fortawesome%2Ffontawesome-svg-core: Unauthorized - 401\n    at RetryOperation._fn (C:\\Users\\maria\\AppData\\Roaming\\npm\\node_modules\\pnpm\\dist\\pnpm.cjs:85659:19)\n    at runMicrotasks (<anonymous>)\n    at processTicksAndRejections (node:internal/process/task_queues:96:5)"
    }
  }
}